<?xml version="1.0" encoding="UTF-8"?>
<testng-results skipped="0" failed="0" ignored="0" total="8" passed="8">
  <reporter-output>
  </reporter-output>
  <suite name="Suite" duration-ms="32691" started-at="2018-05-23T00:30:49Z" finished-at="2018-05-23T00:31:22Z">
    <groups>
    </groups>
    <test name="HtmlUnitDriver" duration-ms="21679" started-at="2018-05-23T00:30:49Z" finished-at="2018-05-23T00:31:11Z">
      <class name="newPackage.Testng2">
        <test-method status="PASS" signature="beforeclass(java.lang.String)[pri:0, instance:newPackage.Testng2@37d31475]" name="beforeclass" is-config="true" duration-ms="8873" started-at="2018-05-23T00:30:49Z" finished-at="2018-05-23T00:30:58Z">
          <params>
            <param index="0">
              <value>
                <![CDATA[HtmlUnitDriver]]>
              </value>
            </param>
          </params>
          <reporter-output>
          </reporter-output>
        </test-method> <!-- beforeclass -->
        <test-method status="PASS" signature="search()[pri:0, instance:newPackage.Testng2@37d31475]" name="search" duration-ms="2701" started-at="2018-05-23T00:30:58Z" finished-at="2018-05-23T00:31:01Z">
          <reporter-output>
          </reporter-output>
        </test-method> <!-- search -->
        <test-method status="PASS" signature="back()[pri:1, instance:newPackage.Testng2@37d31475]" name="back" duration-ms="5044" started-at="2018-05-23T00:31:01Z" finished-at="2018-05-23T00:31:06Z">
          <reporter-output>
          </reporter-output>
        </test-method> <!-- back -->
        <test-method status="PASS" signature="logout()[pri:0, instance:newPackage.Testng2@37d31475]" name="logout" is-config="true" duration-ms="5000" started-at="2018-05-23T00:31:06Z" finished-at="2018-05-23T00:31:11Z">
          <reporter-output>
          </reporter-output>
        </test-method> <!-- logout -->
      </class> <!-- newPackage.Testng2 -->
    </test> <!-- HtmlUnitDriver -->
    <test name="MicrosoftEdge" duration-ms="25965" started-at="2018-05-23T00:30:49Z" finished-at="2018-05-23T00:31:15Z">
      <class name="newPackage.Testng2">
        <test-method status="PASS" signature="beforeclass(java.lang.String)[pri:0, instance:newPackage.Testng2@2c039ac6]" name="beforeclass" is-config="true" duration-ms="12404" started-at="2018-05-23T00:30:49Z" finished-at="2018-05-23T00:31:02Z">
          <params>
            <param index="0">
              <value>
                <![CDATA[MicrosoftEdge]]>
              </value>
            </param>
          </params>
          <reporter-output>
          </reporter-output>
        </test-method> <!-- beforeclass -->
        <test-method status="PASS" signature="search()[pri:0, instance:newPackage.Testng2@2c039ac6]" name="search" duration-ms="2935" started-at="2018-05-23T00:31:02Z" finished-at="2018-05-23T00:31:04Z">
          <reporter-output>
          </reporter-output>
        </test-method> <!-- search -->
        <test-method status="PASS" signature="back()[pri:1, instance:newPackage.Testng2@2c039ac6]" name="back" duration-ms="5576" started-at="2018-05-23T00:31:04Z" finished-at="2018-05-23T00:31:10Z">
          <reporter-output>
          </reporter-output>
        </test-method> <!-- back -->
        <test-method status="PASS" signature="logout()[pri:0, instance:newPackage.Testng2@2c039ac6]" name="logout" is-config="true" duration-ms="5012" started-at="2018-05-23T00:31:10Z" finished-at="2018-05-23T00:31:15Z">
          <reporter-output>
          </reporter-output>
        </test-method> <!-- logout -->
      </class> <!-- newPackage.Testng2 -->
    </test> <!-- MicrosoftEdge -->
    <test name="IE" duration-ms="26784" started-at="2018-05-23T00:30:49Z" finished-at="2018-05-23T00:31:16Z">
      <class name="newPackage.Testng2">
        <test-method status="PASS" signature="beforeclass(java.lang.String)[pri:0, instance:newPackage.Testng2@42f93a98]" name="beforeclass" is-config="true" duration-ms="11431" started-at="2018-05-23T00:30:49Z" finished-at="2018-05-23T00:31:01Z">
          <params>
            <param index="0">
              <value>
                <![CDATA[ie]]>
              </value>
            </param>
          </params>
          <reporter-output>
          </reporter-output>
        </test-method> <!-- beforeclass -->
        <test-method status="PASS" signature="search()[pri:0, instance:newPackage.Testng2@42f93a98]" name="search" duration-ms="4074" started-at="2018-05-23T00:31:01Z" finished-at="2018-05-23T00:31:05Z">
          <reporter-output>
          </reporter-output>
        </test-method> <!-- search -->
        <test-method status="PASS" signature="back()[pri:1, instance:newPackage.Testng2@42f93a98]" name="back" duration-ms="6236" started-at="2018-05-23T00:31:05Z" finished-at="2018-05-23T00:31:11Z">
          <reporter-output>
          </reporter-output>
        </test-method> <!-- back -->
        <test-method status="PASS" signature="logout()[pri:0, instance:newPackage.Testng2@42f93a98]" name="logout" is-config="true" duration-ms="5011" started-at="2018-05-23T00:31:11Z" finished-at="2018-05-23T00:31:16Z">
          <reporter-output>
          </reporter-output>
        </test-method> <!-- logout -->
      </class> <!-- newPackage.Testng2 -->
    </test> <!-- IE -->
    <test name="Googlechrome" duration-ms="32691" started-at="2018-05-23T00:30:49Z" finished-at="2018-05-23T00:31:22Z">
      <class name="newPackage.Testng2">
        <test-method status="PASS" signature="beforeclass(java.lang.String)[pri:0, instance:newPackage.Testng2@305fd85d]" name="beforeclass" is-config="true" duration-ms="20212" started-at="2018-05-23T00:30:49Z" finished-at="2018-05-23T00:31:09Z">
          <params>
            <param index="0">
              <value>
                <![CDATA[googlechrome]]>
              </value>
            </param>
          </params>
          <reporter-output>
          </reporter-output>
        </test-method> <!-- beforeclass -->
        <test-method status="PASS" signature="search()[pri:0, instance:newPackage.Testng2@305fd85d]" name="search" duration-ms="2144" started-at="2018-05-23T00:31:09Z" finished-at="2018-05-23T00:31:12Z">
          <reporter-output>
          </reporter-output>
        </test-method> <!-- search -->
        <test-method status="PASS" signature="back()[pri:1, instance:newPackage.Testng2@305fd85d]" name="back" duration-ms="5290" started-at="2018-05-23T00:31:12Z" finished-at="2018-05-23T00:31:17Z">
          <reporter-output>
          </reporter-output>
        </test-method> <!-- back -->
        <test-method status="PASS" signature="logout()[pri:0, instance:newPackage.Testng2@305fd85d]" name="logout" is-config="true" duration-ms="5014" started-at="2018-05-23T00:31:17Z" finished-at="2018-05-23T00:31:22Z">
          <reporter-output>
          </reporter-output>
        </test-method> <!-- logout -->
      </class> <!-- newPackage.Testng2 -->
    </test> <!-- Googlechrome -->
  </suite> <!-- Suite -->
</testng-results>
